[0.040s] Invoking command in '/home/deva/ros2_vio_px4_ws/build/camera_model': CMAKE_PREFIX_PATH=/home/deva/ros2_vio_px4_ws/install/vins_px4_bridge:/opt/ros/humble /usr/bin/cmake --build /home/deva/ros2_vio_px4_ws/build/camera_model -- -j8 -l8
[0.141s] [35m[1mConsolidate compiler generated dependencies of target camera_model[0m
[0.142s] [35m[1mConsolidate compiler generated dependencies of target Calibration[0m
[0.181s] [ 48%] Built target camera_model
[0.181s] [100%] Built target Calibration
[0.445s] Invoked command in '/home/deva/ros2_vio_px4_ws/build/camera_model' returned '0': CMAKE_PREFIX_PATH=/home/deva/ros2_vio_px4_ws/install/vins_px4_bridge:/opt/ros/humble /usr/bin/cmake --build /home/deva/ros2_vio_px4_ws/build/camera_model -- -j8 -l8
[0.469s] Invoking command in '/home/deva/ros2_vio_px4_ws/build/camera_model': CMAKE_PREFIX_PATH=/home/deva/ros2_vio_px4_ws/install/vins_px4_bridge:/opt/ros/humble /usr/bin/cmake --install /home/deva/ros2_vio_px4_ws/build/camera_model
[0.484s] -- Install configuration: ""
[0.484s] -- Execute custom install script
[0.484s] -- Up-to-date symlink: /home/deva/ros2_vio_px4_ws/install/camera_model/share/camera_model/environment/library_path.sh
[0.485s] -- Up-to-date symlink: /home/deva/ros2_vio_px4_ws/install/camera_model/share/camera_model/environment/library_path.dsv
[0.485s] -- Up-to-date symlink: /home/deva/ros2_vio_px4_ws/install/camera_model/lib/camera_model/Calibration
[0.485s] -- Up-to-date symlink: /home/deva/ros2_vio_px4_ws/install/camera_model/bin/Calibration
[0.485s] -- Up-to-date symlink: /home/deva/ros2_vio_px4_ws/install/camera_model/lib/libcamera_model.a
[0.486s] -- Up-to-date symlink: /home/deva/ros2_vio_px4_ws/install/camera_model/lib/camera_model/Calibration
[0.486s] -- Up-to-date symlink: /home/deva/ros2_vio_px4_ws/install/camera_model/include//camodocal/calib/CameraCalibration.h
[0.487s] -- Up-to-date symlink: /home/deva/ros2_vio_px4_ws/install/camera_model/include//camodocal/camera_models/Camera.h
[0.487s] -- Up-to-date symlink: /home/deva/ros2_vio_px4_ws/install/camera_model/include//camodocal/camera_models/CameraFactory.h
[0.489s] -- Up-to-date symlink: /home/deva/ros2_vio_px4_ws/install/camera_model/include//camodocal/camera_models/CataCamera.h
[0.489s] -- Up-to-date symlink: /home/deva/ros2_vio_px4_ws/install/camera_model/include//camodocal/camera_models/CostFunctionFactory.h
[0.489s] -- Up-to-date symlink: /home/deva/ros2_vio_px4_ws/install/camera_model/include//camodocal/camera_models/EquidistantCamera.h
[0.489s] -- Up-to-date symlink: /home/deva/ros2_vio_px4_ws/install/camera_model/include//camodocal/camera_models/PinholeCamera.h
[0.489s] -- Up-to-date symlink: /home/deva/ros2_vio_px4_ws/install/camera_model/include//camodocal/camera_models/ScaramuzzaCamera.h
[0.489s] -- Up-to-date symlink: /home/deva/ros2_vio_px4_ws/install/camera_model/include//camodocal/chessboard/Chessboard.h
[0.489s] -- Up-to-date symlink: /home/deva/ros2_vio_px4_ws/install/camera_model/include//camodocal/chessboard/ChessboardCorner.h
[0.490s] -- Up-to-date symlink: /home/deva/ros2_vio_px4_ws/install/camera_model/include//camodocal/chessboard/ChessboardQuad.h
[0.492s] -- Up-to-date symlink: /home/deva/ros2_vio_px4_ws/install/camera_model/include//camodocal/chessboard/Spline.h
[0.492s] -- Up-to-date symlink: /home/deva/ros2_vio_px4_ws/install/camera_model/include//camodocal/gpl/EigenQuaternionParameterization.h
[0.492s] -- Up-to-date symlink: /home/deva/ros2_vio_px4_ws/install/camera_model/include//camodocal/gpl/EigenUtils.h
[0.492s] -- Up-to-date symlink: /home/deva/ros2_vio_px4_ws/install/camera_model/include//camodocal/gpl/gpl.h
[0.493s] -- Up-to-date symlink: /home/deva/ros2_vio_px4_ws/install/camera_model/include//camodocal/sparse_graph/Transform.h
[0.493s] -- Up-to-date symlink: /home/deva/ros2_vio_px4_ws/install/camera_model/share/ament_index/resource_index/package_run_dependencies/camera_model
[0.493s] -- Up-to-date symlink: /home/deva/ros2_vio_px4_ws/install/camera_model/share/ament_index/resource_index/parent_prefix_path/camera_model
[0.493s] -- Up-to-date symlink: /home/deva/ros2_vio_px4_ws/install/camera_model/share/camera_model/environment/ament_prefix_path.sh
[0.493s] -- Up-to-date symlink: /home/deva/ros2_vio_px4_ws/install/camera_model/share/camera_model/environment/ament_prefix_path.dsv
[0.493s] -- Up-to-date symlink: /home/deva/ros2_vio_px4_ws/install/camera_model/share/camera_model/environment/path.sh
[0.493s] -- Up-to-date symlink: /home/deva/ros2_vio_px4_ws/install/camera_model/share/camera_model/environment/path.dsv
[0.494s] -- Up-to-date symlink: /home/deva/ros2_vio_px4_ws/install/camera_model/share/camera_model/local_setup.bash
[0.494s] -- Up-to-date symlink: /home/deva/ros2_vio_px4_ws/install/camera_model/share/camera_model/local_setup.sh
[0.494s] -- Up-to-date symlink: /home/deva/ros2_vio_px4_ws/install/camera_model/share/camera_model/local_setup.zsh
[0.494s] -- Up-to-date symlink: /home/deva/ros2_vio_px4_ws/install/camera_model/share/camera_model/local_setup.dsv
[0.494s] -- Symlinking: /home/deva/ros2_vio_px4_ws/install/camera_model/share/camera_model/package.dsv
[0.506s] -- Up-to-date symlink: /home/deva/ros2_vio_px4_ws/install/camera_model/share/ament_index/resource_index/packages/camera_model
[0.506s] -- Up-to-date symlink: /home/deva/ros2_vio_px4_ws/install/camera_model/share/camera_model/cmake/ament_cmake_export_include_directories-extras.cmake
[0.506s] -- Up-to-date symlink: /home/deva/ros2_vio_px4_ws/install/camera_model/share/camera_model/cmake/ament_cmake_export_libraries-extras.cmake
[0.506s] -- Up-to-date symlink: /home/deva/ros2_vio_px4_ws/install/camera_model/share/camera_model/cmake/ament_cmake_export_dependencies-extras.cmake
[0.507s] -- Up-to-date symlink: /home/deva/ros2_vio_px4_ws/install/camera_model/share/camera_model/cmake/camera_modelConfig.cmake
[0.507s] -- Up-to-date symlink: /home/deva/ros2_vio_px4_ws/install/camera_model/share/camera_model/cmake/camera_modelConfig-version.cmake
[0.507s] -- Up-to-date symlink: /home/deva/ros2_vio_px4_ws/install/camera_model/share/camera_model/package.xml
[0.518s] Invoked command in '/home/deva/ros2_vio_px4_ws/build/camera_model' returned '0': CMAKE_PREFIX_PATH=/home/deva/ros2_vio_px4_ws/install/vins_px4_bridge:/opt/ros/humble /usr/bin/cmake --install /home/deva/ros2_vio_px4_ws/build/camera_model
