[0.053s] Invoking command in '/home/deva/ros2_vio_px4_ws/build/pose_graph': CMAKE_PREFIX_PATH=/home/deva/ros2_vio_px4_ws/install/camera_model:/home/deva/ros2_vio_px4_ws/install/vins_estimator:/home/deva/ros2_vio_px4_ws/install/px4_ros_com:/home/deva/ros2_vio_px4_ws/install/px4_msgs:/home/deva/ros2_vio_px4_ws/install/pose_graph:/home/deva/ros2_vio_px4_ws/install/feature_tracker:/home/deva/ros2_vio_px4_ws/install/config_pkg:/home/deva/ros2_vio_px4_ws/install/ar_demo:/home/deva/ros2_vio_px4_ws/install/benchmark_publisher:/home/deva/ros2_vio_px4_ws/install/vins_px4_bridge:/opt/ros/humble /usr/bin/cmake --build /home/deva/ros2_vio_px4_ws/build/pose_graph -- -j8 -l8
[0.241s] [100%] Built target pose_graph
[0.283s] Invoked command in '/home/deva/ros2_vio_px4_ws/build/pose_graph' returned '0': CMAKE_PREFIX_PATH=/home/deva/ros2_vio_px4_ws/install/camera_model:/home/deva/ros2_vio_px4_ws/install/vins_estimator:/home/deva/ros2_vio_px4_ws/install/px4_ros_com:/home/deva/ros2_vio_px4_ws/install/px4_msgs:/home/deva/ros2_vio_px4_ws/install/pose_graph:/home/deva/ros2_vio_px4_ws/install/feature_tracker:/home/deva/ros2_vio_px4_ws/install/config_pkg:/home/deva/ros2_vio_px4_ws/install/ar_demo:/home/deva/ros2_vio_px4_ws/install/benchmark_publisher:/home/deva/ros2_vio_px4_ws/install/vins_px4_bridge:/opt/ros/humble /usr/bin/cmake --build /home/deva/ros2_vio_px4_ws/build/pose_graph -- -j8 -l8
[0.284s] Invoking command in '/home/deva/ros2_vio_px4_ws/build/pose_graph': CMAKE_PREFIX_PATH=/home/deva/ros2_vio_px4_ws/install/camera_model:/home/deva/ros2_vio_px4_ws/install/vins_estimator:/home/deva/ros2_vio_px4_ws/install/px4_ros_com:/home/deva/ros2_vio_px4_ws/install/px4_msgs:/home/deva/ros2_vio_px4_ws/install/pose_graph:/home/deva/ros2_vio_px4_ws/install/feature_tracker:/home/deva/ros2_vio_px4_ws/install/config_pkg:/home/deva/ros2_vio_px4_ws/install/ar_demo:/home/deva/ros2_vio_px4_ws/install/benchmark_publisher:/home/deva/ros2_vio_px4_ws/install/vins_px4_bridge:/opt/ros/humble /usr/bin/cmake --install /home/deva/ros2_vio_px4_ws/build/pose_graph
[0.300s] -- Install configuration: "Release"
[0.300s] -- Execute custom install script
[0.300s] -- Up-to-date symlink: /home/deva/ros2_vio_px4_ws/install/pose_graph/lib/pose_graph/pose_graph
[0.300s] -- Up-to-date symlink: /home/deva/ros2_vio_px4_ws/install/pose_graph/share/ament_index/resource_index/package_run_dependencies/pose_graph
[0.300s] -- Up-to-date symlink: /home/deva/ros2_vio_px4_ws/install/pose_graph/share/ament_index/resource_index/parent_prefix_path/pose_graph
[0.300s] -- Up-to-date symlink: /home/deva/ros2_vio_px4_ws/install/pose_graph/share/pose_graph/environment/ament_prefix_path.sh
[0.301s] -- Up-to-date symlink: /home/deva/ros2_vio_px4_ws/install/pose_graph/share/pose_graph/environment/ament_prefix_path.dsv
[0.301s] -- Up-to-date symlink: /home/deva/ros2_vio_px4_ws/install/pose_graph/share/pose_graph/environment/path.sh
[0.301s] -- Up-to-date symlink: /home/deva/ros2_vio_px4_ws/install/pose_graph/share/pose_graph/environment/path.dsv
[0.301s] -- Up-to-date symlink: /home/deva/ros2_vio_px4_ws/install/pose_graph/share/pose_graph/local_setup.bash
[0.301s] -- Up-to-date symlink: /home/deva/ros2_vio_px4_ws/install/pose_graph/share/pose_graph/local_setup.sh
[0.301s] -- Up-to-date symlink: /home/deva/ros2_vio_px4_ws/install/pose_graph/share/pose_graph/local_setup.zsh
[0.301s] -- Up-to-date symlink: /home/deva/ros2_vio_px4_ws/install/pose_graph/share/pose_graph/local_setup.dsv
[0.301s] -- Symlinking: /home/deva/ros2_vio_px4_ws/install/pose_graph/share/pose_graph/package.dsv
[0.313s] -- Up-to-date symlink: /home/deva/ros2_vio_px4_ws/install/pose_graph/share/ament_index/resource_index/packages/pose_graph
[0.313s] -- Up-to-date symlink: /home/deva/ros2_vio_px4_ws/install/pose_graph/share/pose_graph/cmake/pose_graphConfig.cmake
[0.313s] -- Up-to-date symlink: /home/deva/ros2_vio_px4_ws/install/pose_graph/share/pose_graph/cmake/pose_graphConfig-version.cmake
[0.313s] -- Up-to-date symlink: /home/deva/ros2_vio_px4_ws/install/pose_graph/share/pose_graph/package.xml
[0.336s] Invoked command in '/home/deva/ros2_vio_px4_ws/build/pose_graph' returned '0': CMAKE_PREFIX_PATH=/home/deva/ros2_vio_px4_ws/install/camera_model:/home/deva/ros2_vio_px4_ws/install/vins_estimator:/home/deva/ros2_vio_px4_ws/install/px4_ros_com:/home/deva/ros2_vio_px4_ws/install/px4_msgs:/home/deva/ros2_vio_px4_ws/install/pose_graph:/home/deva/ros2_vio_px4_ws/install/feature_tracker:/home/deva/ros2_vio_px4_ws/install/config_pkg:/home/deva/ros2_vio_px4_ws/install/ar_demo:/home/deva/ros2_vio_px4_ws/install/benchmark_publisher:/home/deva/ros2_vio_px4_ws/install/vins_px4_bridge:/opt/ros/humble /usr/bin/cmake --install /home/deva/ros2_vio_px4_ws/build/pose_graph
