[0.035s] Invoking command in '/home/deva/ros2_vio_px4_ws/build/vins_estimator': CMAKE_PREFIX_PATH=/home/deva/ros2_vio_px4_ws/install/camera_model:/home/deva/ros2_vio_px4_ws/install/vins_estimator:/home/deva/ros2_vio_px4_ws/install/px4_ros_com:/home/deva/ros2_vio_px4_ws/install/px4_msgs:/home/deva/ros2_vio_px4_ws/install/pose_graph:/home/deva/ros2_vio_px4_ws/install/feature_tracker:/home/deva/ros2_vio_px4_ws/install/config_pkg:/home/deva/ros2_vio_px4_ws/install/ar_demo:/home/deva/ros2_vio_px4_ws/install/benchmark_publisher:/home/deva/ros2_vio_px4_ws/install/vins_px4_bridge:/opt/ros/humble /usr/bin/cmake --build /home/deva/ros2_vio_px4_ws/build/vins_estimator -- -j8 -l8
[0.170s] [100%] Built target vins_estimator
[0.246s] Invoked command in '/home/deva/ros2_vio_px4_ws/build/vins_estimator' returned '0': CMAKE_PREFIX_PATH=/home/deva/ros2_vio_px4_ws/install/camera_model:/home/deva/ros2_vio_px4_ws/install/vins_estimator:/home/deva/ros2_vio_px4_ws/install/px4_ros_com:/home/deva/ros2_vio_px4_ws/install/px4_msgs:/home/deva/ros2_vio_px4_ws/install/pose_graph:/home/deva/ros2_vio_px4_ws/install/feature_tracker:/home/deva/ros2_vio_px4_ws/install/config_pkg:/home/deva/ros2_vio_px4_ws/install/ar_demo:/home/deva/ros2_vio_px4_ws/install/benchmark_publisher:/home/deva/ros2_vio_px4_ws/install/vins_px4_bridge:/opt/ros/humble /usr/bin/cmake --build /home/deva/ros2_vio_px4_ws/build/vins_estimator -- -j8 -l8
[0.253s] Invoking command in '/home/deva/ros2_vio_px4_ws/build/vins_estimator': CMAKE_PREFIX_PATH=/home/deva/ros2_vio_px4_ws/install/camera_model:/home/deva/ros2_vio_px4_ws/install/vins_estimator:/home/deva/ros2_vio_px4_ws/install/px4_ros_com:/home/deva/ros2_vio_px4_ws/install/px4_msgs:/home/deva/ros2_vio_px4_ws/install/pose_graph:/home/deva/ros2_vio_px4_ws/install/feature_tracker:/home/deva/ros2_vio_px4_ws/install/config_pkg:/home/deva/ros2_vio_px4_ws/install/ar_demo:/home/deva/ros2_vio_px4_ws/install/benchmark_publisher:/home/deva/ros2_vio_px4_ws/install/vins_px4_bridge:/opt/ros/humble /usr/bin/cmake --install /home/deva/ros2_vio_px4_ws/build/vins_estimator
[0.269s] -- Install configuration: "Release"
[0.273s] -- Execute custom install script
[0.273s] -- Up-to-date symlink: /home/deva/ros2_vio_px4_ws/install/vins_estimator/lib/vins_estimator/vins_estimator
[0.273s] -- Up-to-date symlink: /home/deva/ros2_vio_px4_ws/install/vins_estimator/share/vins_estimator/launch/euroc.launch.py
[0.273s] -- Up-to-date symlink: /home/deva/ros2_vio_px4_ws/install/vins_estimator/share/ament_index/resource_index/package_run_dependencies/vins_estimator
[0.273s] -- Up-to-date symlink: /home/deva/ros2_vio_px4_ws/install/vins_estimator/share/ament_index/resource_index/parent_prefix_path/vins_estimator
[0.273s] -- Up-to-date symlink: /home/deva/ros2_vio_px4_ws/install/vins_estimator/share/vins_estimator/environment/ament_prefix_path.sh
[0.273s] -- Up-to-date symlink: /home/deva/ros2_vio_px4_ws/install/vins_estimator/share/vins_estimator/environment/ament_prefix_path.dsv
[0.273s] -- Up-to-date symlink: /home/deva/ros2_vio_px4_ws/install/vins_estimator/share/vins_estimator/environment/path.sh
[0.273s] -- Up-to-date symlink: /home/deva/ros2_vio_px4_ws/install/vins_estimator/share/vins_estimator/environment/path.dsv
[0.274s] -- Up-to-date symlink: /home/deva/ros2_vio_px4_ws/install/vins_estimator/share/vins_estimator/local_setup.bash
[0.274s] -- Up-to-date symlink: /home/deva/ros2_vio_px4_ws/install/vins_estimator/share/vins_estimator/local_setup.sh
[0.274s] -- Up-to-date symlink: /home/deva/ros2_vio_px4_ws/install/vins_estimator/share/vins_estimator/local_setup.zsh
[0.274s] -- Up-to-date symlink: /home/deva/ros2_vio_px4_ws/install/vins_estimator/share/vins_estimator/local_setup.dsv
[0.274s] -- Symlinking: /home/deva/ros2_vio_px4_ws/install/vins_estimator/share/vins_estimator/package.dsv
[0.284s] -- Up-to-date symlink: /home/deva/ros2_vio_px4_ws/install/vins_estimator/share/ament_index/resource_index/packages/vins_estimator
[0.285s] -- Up-to-date symlink: /home/deva/ros2_vio_px4_ws/install/vins_estimator/share/vins_estimator/cmake/vins_estimatorConfig.cmake
[0.285s] -- Up-to-date symlink: /home/deva/ros2_vio_px4_ws/install/vins_estimator/share/vins_estimator/cmake/vins_estimatorConfig-version.cmake
[0.285s] -- Up-to-date symlink: /home/deva/ros2_vio_px4_ws/install/vins_estimator/share/vins_estimator/package.xml
[0.432s] Invoked command in '/home/deva/ros2_vio_px4_ws/build/vins_estimator' returned '0': CMAKE_PREFIX_PATH=/home/deva/ros2_vio_px4_ws/install/camera_model:/home/deva/ros2_vio_px4_ws/install/vins_estimator:/home/deva/ros2_vio_px4_ws/install/px4_ros_com:/home/deva/ros2_vio_px4_ws/install/px4_msgs:/home/deva/ros2_vio_px4_ws/install/pose_graph:/home/deva/ros2_vio_px4_ws/install/feature_tracker:/home/deva/ros2_vio_px4_ws/install/config_pkg:/home/deva/ros2_vio_px4_ws/install/ar_demo:/home/deva/ros2_vio_px4_ws/install/benchmark_publisher:/home/deva/ros2_vio_px4_ws/install/vins_px4_bridge:/opt/ros/humble /usr/bin/cmake --install /home/deva/ros2_vio_px4_ws/build/vins_estimator
