[0.025s] Invoking command in '/home/deva/ros2_vio_px4_ws/build/feature_tracker': CMAKE_PREFIX_PATH=/home/deva/ros2_vio_px4_ws/install/camera_model:/home/deva/ros2_vio_px4_ws/install/vins_estimator:/home/deva/ros2_vio_px4_ws/install/px4_ros_com:/home/deva/ros2_vio_px4_ws/install/px4_msgs:/home/deva/ros2_vio_px4_ws/install/pose_graph:/home/deva/ros2_vio_px4_ws/install/feature_tracker:/home/deva/ros2_vio_px4_ws/install/config_pkg:/home/deva/ros2_vio_px4_ws/install/ar_demo:/home/deva/ros2_vio_px4_ws/install/benchmark_publisher:/home/deva/ros2_vio_px4_ws/install/vins_px4_bridge:/opt/ros/humble /usr/bin/cmake --build /home/deva/ros2_vio_px4_ws/build/feature_tracker -- -j8 -l8
[0.095s] [35m[1mConsolidate compiler generated dependencies of target feature_tracker[0m
[0.122s] [100%] Built target feature_tracker
[0.158s] Invoked command in '/home/deva/ros2_vio_px4_ws/build/feature_tracker' returned '0': CMAKE_PREFIX_PATH=/home/deva/ros2_vio_px4_ws/install/camera_model:/home/deva/ros2_vio_px4_ws/install/vins_estimator:/home/deva/ros2_vio_px4_ws/install/px4_ros_com:/home/deva/ros2_vio_px4_ws/install/px4_msgs:/home/deva/ros2_vio_px4_ws/install/pose_graph:/home/deva/ros2_vio_px4_ws/install/feature_tracker:/home/deva/ros2_vio_px4_ws/install/config_pkg:/home/deva/ros2_vio_px4_ws/install/ar_demo:/home/deva/ros2_vio_px4_ws/install/benchmark_publisher:/home/deva/ros2_vio_px4_ws/install/vins_px4_bridge:/opt/ros/humble /usr/bin/cmake --build /home/deva/ros2_vio_px4_ws/build/feature_tracker -- -j8 -l8
[0.164s] Invoking command in '/home/deva/ros2_vio_px4_ws/build/feature_tracker': CMAKE_PREFIX_PATH=/home/deva/ros2_vio_px4_ws/install/camera_model:/home/deva/ros2_vio_px4_ws/install/vins_estimator:/home/deva/ros2_vio_px4_ws/install/px4_ros_com:/home/deva/ros2_vio_px4_ws/install/px4_msgs:/home/deva/ros2_vio_px4_ws/install/pose_graph:/home/deva/ros2_vio_px4_ws/install/feature_tracker:/home/deva/ros2_vio_px4_ws/install/config_pkg:/home/deva/ros2_vio_px4_ws/install/ar_demo:/home/deva/ros2_vio_px4_ws/install/benchmark_publisher:/home/deva/ros2_vio_px4_ws/install/vins_px4_bridge:/opt/ros/humble /usr/bin/cmake --install /home/deva/ros2_vio_px4_ws/build/feature_tracker
[0.177s] -- Install configuration: "Release"
[0.178s] -- Execute custom install script
[0.178s] -- Up-to-date symlink: /home/deva/ros2_vio_px4_ws/install/feature_tracker/lib/feature_tracker/feature_tracker
[0.178s] -- Up-to-date symlink: /home/deva/ros2_vio_px4_ws/install/feature_tracker/share/feature_tracker/launch/vins_feature_tracker.launch.py
[0.178s] -- Up-to-date symlink: /home/deva/ros2_vio_px4_ws/install/feature_tracker/share/ament_index/resource_index/package_run_dependencies/feature_tracker
[0.178s] -- Up-to-date symlink: /home/deva/ros2_vio_px4_ws/install/feature_tracker/share/ament_index/resource_index/parent_prefix_path/feature_tracker
[0.178s] -- Up-to-date symlink: /home/deva/ros2_vio_px4_ws/install/feature_tracker/share/feature_tracker/environment/ament_prefix_path.sh
[0.179s] -- Up-to-date symlink: /home/deva/ros2_vio_px4_ws/install/feature_tracker/share/feature_tracker/environment/ament_prefix_path.dsv
[0.179s] -- Up-to-date symlink: /home/deva/ros2_vio_px4_ws/install/feature_tracker/share/feature_tracker/environment/path.sh
[0.179s] -- Up-to-date symlink: /home/deva/ros2_vio_px4_ws/install/feature_tracker/share/feature_tracker/environment/path.dsv
[0.179s] -- Up-to-date symlink: /home/deva/ros2_vio_px4_ws/install/feature_tracker/share/feature_tracker/local_setup.bash
[0.179s] -- Up-to-date symlink: /home/deva/ros2_vio_px4_ws/install/feature_tracker/share/feature_tracker/local_setup.sh
[0.179s] -- Up-to-date symlink: /home/deva/ros2_vio_px4_ws/install/feature_tracker/share/feature_tracker/local_setup.zsh
[0.179s] -- Up-to-date symlink: /home/deva/ros2_vio_px4_ws/install/feature_tracker/share/feature_tracker/local_setup.dsv
[0.179s] -- Symlinking: /home/deva/ros2_vio_px4_ws/install/feature_tracker/share/feature_tracker/package.dsv
[0.186s] -- Up-to-date symlink: /home/deva/ros2_vio_px4_ws/install/feature_tracker/share/ament_index/resource_index/packages/feature_tracker
[0.188s] -- Up-to-date symlink: /home/deva/ros2_vio_px4_ws/install/feature_tracker/share/feature_tracker/cmake/feature_trackerConfig.cmake
[0.188s] -- Up-to-date symlink: /home/deva/ros2_vio_px4_ws/install/feature_tracker/share/feature_tracker/cmake/feature_trackerConfig-version.cmake
[0.188s] -- Up-to-date symlink: /home/deva/ros2_vio_px4_ws/install/feature_tracker/share/feature_tracker/package.xml
[0.262s] Invoked command in '/home/deva/ros2_vio_px4_ws/build/feature_tracker' returned '0': CMAKE_PREFIX_PATH=/home/deva/ros2_vio_px4_ws/install/camera_model:/home/deva/ros2_vio_px4_ws/install/vins_estimator:/home/deva/ros2_vio_px4_ws/install/px4_ros_com:/home/deva/ros2_vio_px4_ws/install/px4_msgs:/home/deva/ros2_vio_px4_ws/install/pose_graph:/home/deva/ros2_vio_px4_ws/install/feature_tracker:/home/deva/ros2_vio_px4_ws/install/config_pkg:/home/deva/ros2_vio_px4_ws/install/ar_demo:/home/deva/ros2_vio_px4_ws/install/benchmark_publisher:/home/deva/ros2_vio_px4_ws/install/vins_px4_bridge:/opt/ros/humble /usr/bin/cmake --install /home/deva/ros2_vio_px4_ws/build/feature_tracker
