[0.052s] Invoking command in '/home/deva/ros2_vio_px4_ws/build/vins_estimator': AMENT_PREFIX_PATH=/home/deva/ros2_vio_px4_ws/install/camera_model:${AMENT_PREFIX_PATH} CMAKE_PREFIX_PATH=/home/deva/ros2_vio_px4_ws/install/camera_model:/home/deva/ros2_vio_px4_ws/install/vins_px4_bridge:/opt/ros/humble LD_LIBRARY_PATH=/home/deva/ros2_vio_px4_ws/install/camera_model/lib:${LD_LIBRARY_PATH} PATH=/home/deva/ros2_vio_px4_ws/install/camera_model/bin:${PATH} /usr/bin/cmake --build /home/deva/ros2_vio_px4_ws/build/vins_estimator -- -j8 -l8
[1.114s] [35m[1mConsolidate compiler generated dependencies of target vins_estimator[0m
[1.115s] [100%] Built target vins_estimator
[1.116s] Invoked command in '/home/deva/ros2_vio_px4_ws/build/vins_estimator' returned '0': AMENT_PREFIX_PATH=/home/deva/ros2_vio_px4_ws/install/camera_model:${AMENT_PREFIX_PATH} CMAKE_PREFIX_PATH=/home/deva/ros2_vio_px4_ws/install/camera_model:/home/deva/ros2_vio_px4_ws/install/vins_px4_bridge:/opt/ros/humble LD_LIBRARY_PATH=/home/deva/ros2_vio_px4_ws/install/camera_model/lib:${LD_LIBRARY_PATH} PATH=/home/deva/ros2_vio_px4_ws/install/camera_model/bin:${PATH} /usr/bin/cmake --build /home/deva/ros2_vio_px4_ws/build/vins_estimator -- -j8 -l8
[1.121s] Invoking command in '/home/deva/ros2_vio_px4_ws/build/vins_estimator': AMENT_PREFIX_PATH=/home/deva/ros2_vio_px4_ws/install/camera_model:${AMENT_PREFIX_PATH} CMAKE_PREFIX_PATH=/home/deva/ros2_vio_px4_ws/install/camera_model:/home/deva/ros2_vio_px4_ws/install/vins_px4_bridge:/opt/ros/humble LD_LIBRARY_PATH=/home/deva/ros2_vio_px4_ws/install/camera_model/lib:${LD_LIBRARY_PATH} PATH=/home/deva/ros2_vio_px4_ws/install/camera_model/bin:${PATH} /usr/bin/cmake --install /home/deva/ros2_vio_px4_ws/build/vins_estimator
[1.336s] -- Install configuration: "Release"
[1.337s] -- Execute custom install script
[1.337s] -- Up-to-date symlink: /home/deva/ros2_vio_px4_ws/install/vins_estimator/lib/vins_estimator/vins_estimator
[1.337s] -- Up-to-date symlink: /home/deva/ros2_vio_px4_ws/install/vins_estimator/share/vins_estimator/launch/euroc.launch.py
[1.338s] -- Up-to-date symlink: /home/deva/ros2_vio_px4_ws/install/vins_estimator/share/ament_index/resource_index/package_run_dependencies/vins_estimator
[1.338s] -- Up-to-date symlink: /home/deva/ros2_vio_px4_ws/install/vins_estimator/share/ament_index/resource_index/parent_prefix_path/vins_estimator
[1.339s] -- Up-to-date symlink: /home/deva/ros2_vio_px4_ws/install/vins_estimator/share/vins_estimator/environment/ament_prefix_path.sh
[1.339s] -- Up-to-date symlink: /home/deva/ros2_vio_px4_ws/install/vins_estimator/share/vins_estimator/environment/ament_prefix_path.dsv
[1.339s] -- Up-to-date symlink: /home/deva/ros2_vio_px4_ws/install/vins_estimator/share/vins_estimator/environment/path.sh
[1.339s] -- Up-to-date symlink: /home/deva/ros2_vio_px4_ws/install/vins_estimator/share/vins_estimator/environment/path.dsv
[1.339s] -- Up-to-date symlink: /home/deva/ros2_vio_px4_ws/install/vins_estimator/share/vins_estimator/local_setup.bash
[1.339s] -- Up-to-date symlink: /home/deva/ros2_vio_px4_ws/install/vins_estimator/share/vins_estimator/local_setup.sh
[1.339s] -- Up-to-date symlink: /home/deva/ros2_vio_px4_ws/install/vins_estimator/share/vins_estimator/local_setup.zsh
[1.339s] -- Up-to-date symlink: /home/deva/ros2_vio_px4_ws/install/vins_estimator/share/vins_estimator/local_setup.dsv
[1.339s] -- Symlinking: /home/deva/ros2_vio_px4_ws/install/vins_estimator/share/vins_estimator/package.dsv
[1.339s] -- Up-to-date symlink: /home/deva/ros2_vio_px4_ws/install/vins_estimator/share/ament_index/resource_index/packages/vins_estimator
[1.339s] -- Up-to-date symlink: /home/deva/ros2_vio_px4_ws/install/vins_estimator/share/vins_estimator/cmake/vins_estimatorConfig.cmake
[1.339s] -- Up-to-date symlink: /home/deva/ros2_vio_px4_ws/install/vins_estimator/share/vins_estimator/cmake/vins_estimatorConfig-version.cmake
[1.339s] -- Up-to-date symlink: /home/deva/ros2_vio_px4_ws/install/vins_estimator/share/vins_estimator/package.xml
[1.345s] Invoked command in '/home/deva/ros2_vio_px4_ws/build/vins_estimator' returned '0': AMENT_PREFIX_PATH=/home/deva/ros2_vio_px4_ws/install/camera_model:${AMENT_PREFIX_PATH} CMAKE_PREFIX_PATH=/home/deva/ros2_vio_px4_ws/install/camera_model:/home/deva/ros2_vio_px4_ws/install/vins_px4_bridge:/opt/ros/humble LD_LIBRARY_PATH=/home/deva/ros2_vio_px4_ws/install/camera_model/lib:${LD_LIBRARY_PATH} PATH=/home/deva/ros2_vio_px4_ws/install/camera_model/bin:${PATH} /usr/bin/cmake --install /home/deva/ros2_vio_px4_ws/build/vins_estimator
