running develop
running egg_info
creating vins_px4_bridge.egg-info
writing vins_px4_bridge.egg-info/PKG-INFO
writing dependency_links to vins_px4_bridge.egg-info/dependency_links.txt
writing entry points to vins_px4_bridge.egg-info/entry_points.txt
writing requirements to vins_px4_bridge.egg-info/requires.txt
writing top-level names to vins_px4_bridge.egg-info/top_level.txt
writing manifest file 'vins_px4_bridge.egg-info/SOURCES.txt'
reading manifest file 'vins_px4_bridge.egg-info/SOURCES.txt'
writing manifest file 'vins_px4_bridge.egg-info/SOURCES.txt'
running build_ext
Creating /home/deva/ros2_vio_px4_ws/install/vins_px4_bridge/lib/python3.10/site-packages/vins-px4-bridge.egg-link (link to .)
Installing drift_monitor script to /home/deva/ros2_vio_px4_ws/install/vins_px4_bridge/lib/vins_px4_bridge
Installing pose_bridge script to /home/deva/ros2_vio_px4_ws/install/vins_px4_bridge/lib/vins_px4_bridge

Installed /home/deva/ros2_vio_px4_ws/build/vins_px4_bridge
running symlink_data
creating /home/deva/ros2_vio_px4_ws/install/vins_px4_bridge/share/ament_index
creating /home/deva/ros2_vio_px4_ws/install/vins_px4_bridge/share/ament_index/resource_index
creating /home/deva/ros2_vio_px4_ws/install/vins_px4_bridge/share/ament_index/resource_index/packages
symbolically linking /home/deva/ros2_vio_px4_ws/build/vins_px4_bridge/resource/vins_px4_bridge -> /home/deva/ros2_vio_px4_ws/install/vins_px4_bridge/share/ament_index/resource_index/packages
symbolically linking /home/deva/ros2_vio_px4_ws/build/vins_px4_bridge/package.xml -> /home/deva/ros2_vio_px4_ws/install/vins_px4_bridge/share/vins_px4_bridge
