[1.667s] Invoking command in '/home/deva/ros2_vio_px4_ws/build/vins_px4_bridge': PYTHONPATH=/home/deva/ros2_vio_px4_ws/build/vins_px4_bridge/prefix_override:/usr/lib/python3/dist-packages/colcon_core/task/python/colcon_distutils_commands:/home/deva/ros2_vio_px4_ws/install/vins_px4_bridge/lib/python3.10/site-packages:${PYTHONPATH} /usr/bin/python3 -W ignore:setup.py install is deprecated -W ignore:easy_install command is deprecated setup.py develop --editable --build-directory /home/deva/ros2_vio_px4_ws/build/vins_px4_bridge/build --no-deps symlink_data
[2.083s] running develop
[2.354s] running egg_info
[2.354s] creating vins_px4_bridge.egg-info
[2.354s] writing vins_px4_bridge.egg-info/PKG-INFO
[2.354s] writing dependency_links to vins_px4_bridge.egg-info/dependency_links.txt
[2.355s] writing entry points to vins_px4_bridge.egg-info/entry_points.txt
[2.355s] writing requirements to vins_px4_bridge.egg-info/requires.txt
[2.355s] writing top-level names to vins_px4_bridge.egg-info/top_level.txt
[2.355s] writing manifest file 'vins_px4_bridge.egg-info/SOURCES.txt'
[2.358s] reading manifest file 'vins_px4_bridge.egg-info/SOURCES.txt'
[2.358s] writing manifest file 'vins_px4_bridge.egg-info/SOURCES.txt'
[2.360s] running build_ext
[2.360s] Creating /home/deva/ros2_vio_px4_ws/install/vins_px4_bridge/lib/python3.10/site-packages/vins-px4-bridge.egg-link (link to .)
[2.361s] Installing drift_monitor script to /home/deva/ros2_vio_px4_ws/install/vins_px4_bridge/lib/vins_px4_bridge
[2.363s] Installing pose_bridge script to /home/deva/ros2_vio_px4_ws/install/vins_px4_bridge/lib/vins_px4_bridge
[2.363s] 
[2.363s] Installed /home/deva/ros2_vio_px4_ws/build/vins_px4_bridge
[2.363s] running symlink_data
[2.363s] creating /home/deva/ros2_vio_px4_ws/install/vins_px4_bridge/share/ament_index
[2.363s] creating /home/deva/ros2_vio_px4_ws/install/vins_px4_bridge/share/ament_index/resource_index
[2.363s] creating /home/deva/ros2_vio_px4_ws/install/vins_px4_bridge/share/ament_index/resource_index/packages
[2.364s] symbolically linking /home/deva/ros2_vio_px4_ws/build/vins_px4_bridge/resource/vins_px4_bridge -> /home/deva/ros2_vio_px4_ws/install/vins_px4_bridge/share/ament_index/resource_index/packages
[2.364s] symbolically linking /home/deva/ros2_vio_px4_ws/build/vins_px4_bridge/package.xml -> /home/deva/ros2_vio_px4_ws/install/vins_px4_bridge/share/vins_px4_bridge
[2.444s] Invoked command in '/home/deva/ros2_vio_px4_ws/build/vins_px4_bridge' returned '0': PYTHONPATH=/home/deva/ros2_vio_px4_ws/build/vins_px4_bridge/prefix_override:/usr/lib/python3/dist-packages/colcon_core/task/python/colcon_distutils_commands:/home/deva/ros2_vio_px4_ws/install/vins_px4_bridge/lib/python3.10/site-packages:${PYTHONPATH} /usr/bin/python3 -W ignore:setup.py install is deprecated -W ignore:easy_install command is deprecated setup.py develop --editable --build-directory /home/deva/ros2_vio_px4_ws/build/vins_px4_bridge/build --no-deps symlink_data
