[0.029s] Invoking command in '/home/deva/ros2_vio_px4_ws/build/pose_graph': CMAKE_PREFIX_PATH=/home/deva/ros2_vio_px4_ws/install/camera_model:/home/deva/ros2_vio_px4_ws/install/vins_estimator:/home/deva/ros2_vio_px4_ws/install/px4_ros_com:/home/deva/ros2_vio_px4_ws/install/px4_msgs:/home/deva/ros2_vio_px4_ws/install/pose_graph:/home/deva/ros2_vio_px4_ws/install/feature_tracker:/home/deva/ros2_vio_px4_ws/install/config_pkg:/home/deva/ros2_vio_px4_ws/install/ar_demo:/home/deva/ros2_vio_px4_ws/install/benchmark_publisher:/home/deva/ros2_vio_px4_ws/install/vins_px4_bridge:/opt/ros/humble /usr/bin/cmake --build /home/deva/ros2_vio_px4_ws/build/pose_graph -- -j8 -l8
[0.096s] [35m[1mConsolidate compiler generated dependencies of target pose_graph[0m
[0.136s] [100%] Built target pose_graph
[0.166s] Invoked command in '/home/deva/ros2_vio_px4_ws/build/pose_graph' returned '0': CMAKE_PREFIX_PATH=/home/deva/ros2_vio_px4_ws/install/camera_model:/home/deva/ros2_vio_px4_ws/install/vins_estimator:/home/deva/ros2_vio_px4_ws/install/px4_ros_com:/home/deva/ros2_vio_px4_ws/install/px4_msgs:/home/deva/ros2_vio_px4_ws/install/pose_graph:/home/deva/ros2_vio_px4_ws/install/feature_tracker:/home/deva/ros2_vio_px4_ws/install/config_pkg:/home/deva/ros2_vio_px4_ws/install/ar_demo:/home/deva/ros2_vio_px4_ws/install/benchmark_publisher:/home/deva/ros2_vio_px4_ws/install/vins_px4_bridge:/opt/ros/humble /usr/bin/cmake --build /home/deva/ros2_vio_px4_ws/build/pose_graph -- -j8 -l8
[0.173s] Invoking command in '/home/deva/ros2_vio_px4_ws/build/pose_graph': CMAKE_PREFIX_PATH=/home/deva/ros2_vio_px4_ws/install/camera_model:/home/deva/ros2_vio_px4_ws/install/vins_estimator:/home/deva/ros2_vio_px4_ws/install/px4_ros_com:/home/deva/ros2_vio_px4_ws/install/px4_msgs:/home/deva/ros2_vio_px4_ws/install/pose_graph:/home/deva/ros2_vio_px4_ws/install/feature_tracker:/home/deva/ros2_vio_px4_ws/install/config_pkg:/home/deva/ros2_vio_px4_ws/install/ar_demo:/home/deva/ros2_vio_px4_ws/install/benchmark_publisher:/home/deva/ros2_vio_px4_ws/install/vins_px4_bridge:/opt/ros/humble /usr/bin/cmake --install /home/deva/ros2_vio_px4_ws/build/pose_graph
[0.176s] -- Install configuration: "Release"
[0.176s] -- Execute custom install script
[0.177s] -- Up-to-date symlink: /home/deva/ros2_vio_px4_ws/install/pose_graph/lib/pose_graph/pose_graph
[0.177s] -- Up-to-date symlink: /home/deva/ros2_vio_px4_ws/install/pose_graph/share/ament_index/resource_index/package_run_dependencies/pose_graph
[0.177s] -- Up-to-date symlink: /home/deva/ros2_vio_px4_ws/install/pose_graph/share/ament_index/resource_index/parent_prefix_path/pose_graph
[0.177s] -- Up-to-date symlink: /home/deva/ros2_vio_px4_ws/install/pose_graph/share/pose_graph/environment/ament_prefix_path.sh
[0.177s] -- Up-to-date symlink: /home/deva/ros2_vio_px4_ws/install/pose_graph/share/pose_graph/environment/ament_prefix_path.dsv
[0.177s] -- Up-to-date symlink: /home/deva/ros2_vio_px4_ws/install/pose_graph/share/pose_graph/environment/path.sh
[0.177s] -- Up-to-date symlink: /home/deva/ros2_vio_px4_ws/install/pose_graph/share/pose_graph/environment/path.dsv
[0.177s] -- Up-to-date symlink: /home/deva/ros2_vio_px4_ws/install/pose_graph/share/pose_graph/local_setup.bash
[0.177s] -- Up-to-date symlink: /home/deva/ros2_vio_px4_ws/install/pose_graph/share/pose_graph/local_setup.sh
[0.177s] -- Up-to-date symlink: /home/deva/ros2_vio_px4_ws/install/pose_graph/share/pose_graph/local_setup.zsh
[0.177s] -- Up-to-date symlink: /home/deva/ros2_vio_px4_ws/install/pose_graph/share/pose_graph/local_setup.dsv
[0.177s] -- Symlinking: /home/deva/ros2_vio_px4_ws/install/pose_graph/share/pose_graph/package.dsv
[0.186s] -- Up-to-date symlink: /home/deva/ros2_vio_px4_ws/install/pose_graph/share/ament_index/resource_index/packages/pose_graph
[0.186s] -- Up-to-date symlink: /home/deva/ros2_vio_px4_ws/install/pose_graph/share/pose_graph/cmake/pose_graphConfig.cmake
[0.188s] -- Up-to-date symlink: /home/deva/ros2_vio_px4_ws/install/pose_graph/share/pose_graph/cmake/pose_graphConfig-version.cmake
[0.190s] -- Up-to-date symlink: /home/deva/ros2_vio_px4_ws/install/pose_graph/share/pose_graph/package.xml
[0.346s] Invoked command in '/home/deva/ros2_vio_px4_ws/build/pose_graph' returned '0': CMAKE_PREFIX_PATH=/home/deva/ros2_vio_px4_ws/install/camera_model:/home/deva/ros2_vio_px4_ws/install/vins_estimator:/home/deva/ros2_vio_px4_ws/install/px4_ros_com:/home/deva/ros2_vio_px4_ws/install/px4_msgs:/home/deva/ros2_vio_px4_ws/install/pose_graph:/home/deva/ros2_vio_px4_ws/install/feature_tracker:/home/deva/ros2_vio_px4_ws/install/config_pkg:/home/deva/ros2_vio_px4_ws/install/ar_demo:/home/deva/ros2_vio_px4_ws/install/benchmark_publisher:/home/deva/ros2_vio_px4_ws/install/vins_px4_bridge:/opt/ros/humble /usr/bin/cmake --install /home/deva/ros2_vio_px4_ws/build/pose_graph
