[0.006s] Invoking command in '/home/deva/ros2_vio_px4_ws/build/px4_ros_com': AMENT_PREFIX_PATH=/home/deva/ros2_vio_px4_ws/install/px4_msgs:${AMENT_PREFIX_PATH} CMAKE_PREFIX_PATH=/home/deva/ros2_vio_px4_ws/install/px4_msgs:/home/deva/ros2_vio_px4_ws/install/vins_px4_bridge:/opt/ros/humble LD_LIBRARY_PATH=/home/deva/ros2_vio_px4_ws/install/px4_msgs/lib:${LD_LIBRARY_PATH} PYTHONPATH=/home/deva/ros2_vio_px4_ws/install/px4_msgs/local/lib/python3.10/dist-packages:${PYTHONPATH} /usr/bin/cmake /home/deva/ros2_vio_px4_ws/src/px4_ros_com -DAMENT_CMAKE_SYMLINK_INSTALL=1 -DCMAKE_INSTALL_PREFIX=/home/deva/ros2_vio_px4_ws/install/px4_ros_com
[1.110s] -- The C compiler identification is GNU 11.4.0
[1.169s] -- The CXX compiler identification is GNU 11.4.0
[1.175s] -- Detecting C compiler ABI info
[1.253s] -- Detecting C compiler ABI info - done
[1.259s] -- Check for working C compiler: /usr/bin/cc - skipped
[1.259s] -- Detecting C compile features
[1.259s] -- Detecting C compile features - done
[1.262s] -- Detecting CXX compiler ABI info
[1.350s] -- Detecting CXX compiler ABI info - done
[1.356s] -- Check for working CXX compiler: /usr/bin/c++ - skipped
[1.356s] -- Detecting CXX compile features
[1.356s] -- Detecting CXX compile features - done
[1.358s] -- Found ament_cmake: 1.3.12 (/opt/ros/humble/share/ament_cmake/cmake)
[1.539s] -- Found Python3: /usr/bin/python3 (found version "3.10.12") found components: Interpreter 
[1.610s] -- Override CMake install command with custom implementation using symlinks instead of copying resources
[1.636s] -- Found builtin_interfaces: 1.2.2 (/opt/ros/humble/share/builtin_interfaces/cmake)
[1.662s] -- Found rosidl_generator_c: 3.1.7 (/opt/ros/humble/share/rosidl_generator_c/cmake)
[1.666s] -- Found rosidl_adapter: 3.1.7 (/opt/ros/humble/share/rosidl_adapter/cmake)
[1.674s] -- Found rosidl_generator_cpp: 3.1.7 (/opt/ros/humble/share/rosidl_generator_cpp/cmake)
[1.684s] -- Using all available rosidl_typesupport_c: rosidl_typesupport_fastrtps_c;rosidl_typesupport_introspection_c
[1.697s] -- Using all available rosidl_typesupport_cpp: rosidl_typesupport_fastrtps_cpp;rosidl_typesupport_introspection_cpp
[3.202s] -- Found eigen3_cmake_module: 0.1.1 (/opt/ros/humble/share/eigen3_cmake_module/cmake)
[3.401s] -- Found Eigen3: TRUE (found version "3.4.0") 
[3.402s] -- Found geometry_msgs: 4.9.0 (/opt/ros/humble/share/geometry_msgs/cmake)
[3.422s] -- Found px4_msgs: 2.0.1 (/home/deva/ros2_vio_px4_ws/install/px4_msgs/share/px4_msgs/cmake)
[3.453s] -- Found rclcpp: 16.0.14 (/opt/ros/humble/share/rclcpp/cmake)
[3.461s] -- Found rmw_implementation_cmake: 6.1.2 (/opt/ros/humble/share/rmw_implementation_cmake/cmake)
[3.465s] -- Found rmw_cyclonedds_cpp: 1.3.4 (/opt/ros/humble/share/rmw_cyclonedds_cpp/cmake)
[3.481s] -- Using RMW implementation 'rmw_cyclonedds_cpp' as default
[3.488s] -- Looking for pthread.h
[3.552s] -- Looking for pthread.h - found
[3.552s] -- Performing Test CMAKE_HAVE_LIBC_PTHREAD
[3.615s] -- Performing Test CMAKE_HAVE_LIBC_PTHREAD - Success
[3.616s] -- Found Threads: TRUE  
[3.646s] -- Found sensor_msgs: 4.9.0 (/opt/ros/humble/share/sensor_msgs/cmake)
[3.691s] -- Found rclpy: 3.3.17 (/opt/ros/humble/share/rclpy/cmake)
[3.743s] -- Found ament_lint_auto: 0.12.14 (/opt/ros/humble/share/ament_lint_auto/cmake)
[4.017s] -- Added test 'copyright' to check source files copyright and LICENSE
[4.089s] -- Added test 'cppcheck' to perform static code analysis on C / C++ code
[4.090s] -- Configured cppcheck include dirs: /home/deva/ros2_vio_px4_ws/src/px4_ros_com/include;$<BUILD_INTERFACE:/home/deva/ros2_vio_px4_ws/src/px4_ros_com/include/px4_ros_com>
[4.090s] -- Configured cppcheck exclude dirs and/or files: 
[4.119s] -- Added test 'cpplint' to check C / C++ code against the Google style
[4.119s] -- Configured cpplint exclude dirs and/or files: 
[4.132s] -- Added test 'flake8' to check Python code syntax and style conventions
[4.134s] -- Added test 'lint_cmake' to check CMake code style
[4.135s] -- Added test 'pep257' to check Python code against some of the docstring style conventions in PEP 257
[4.138s] -- Added test 'uncrustify' to check C / C++ code style
[4.138s] -- Configured uncrustify additional arguments: 
[4.139s] -- Added test 'xmllint' to check XML markup files
[4.141s] -- Configuring done
[4.158s] -- Generating done
[4.166s] -- Build files have been written to: /home/deva/ros2_vio_px4_ws/build/px4_ros_com
[4.179s] Invoked command in '/home/deva/ros2_vio_px4_ws/build/px4_ros_com' returned '0': AMENT_PREFIX_PATH=/home/deva/ros2_vio_px4_ws/install/px4_msgs:${AMENT_PREFIX_PATH} CMAKE_PREFIX_PATH=/home/deva/ros2_vio_px4_ws/install/px4_msgs:/home/deva/ros2_vio_px4_ws/install/vins_px4_bridge:/opt/ros/humble LD_LIBRARY_PATH=/home/deva/ros2_vio_px4_ws/install/px4_msgs/lib:${LD_LIBRARY_PATH} PYTHONPATH=/home/deva/ros2_vio_px4_ws/install/px4_msgs/local/lib/python3.10/dist-packages:${PYTHONPATH} /usr/bin/cmake /home/deva/ros2_vio_px4_ws/src/px4_ros_com -DAMENT_CMAKE_SYMLINK_INSTALL=1 -DCMAKE_INSTALL_PREFIX=/home/deva/ros2_vio_px4_ws/install/px4_ros_com
[4.179s] Invoking command in '/home/deva/ros2_vio_px4_ws/build/px4_ros_com': AMENT_PREFIX_PATH=/home/deva/ros2_vio_px4_ws/install/px4_msgs:${AMENT_PREFIX_PATH} CMAKE_PREFIX_PATH=/home/deva/ros2_vio_px4_ws/install/px4_msgs:/home/deva/ros2_vio_px4_ws/install/vins_px4_bridge:/opt/ros/humble LD_LIBRARY_PATH=/home/deva/ros2_vio_px4_ws/install/px4_msgs/lib:${LD_LIBRARY_PATH} PYTHONPATH=/home/deva/ros2_vio_px4_ws/install/px4_msgs/local/lib/python3.10/dist-packages:${PYTHONPATH} /usr/bin/cmake --build /home/deva/ros2_vio_px4_ws/build/px4_ros_com -- -j8 -l8
[4.231s] [ 33%] [32mBuilding CXX object CMakeFiles/debug_vect_advertiser.dir/src/examples/advertisers/debug_vect_advertiser.cpp.o[0m
[4.233s] [ 33%] [32mBuilding CXX object CMakeFiles/frame_transforms.dir/src/lib/frame_transforms.cpp.o[0m
[4.233s] [ 33%] [32mBuilding CXX object CMakeFiles/sensor_combined_listener.dir/src/examples/listeners/sensor_combined_listener.cpp.o[0m
[4.233s] [ 33%] [32mBuilding CXX object CMakeFiles/offboard_control.dir/src/examples/offboard/offboard_control.cpp.o[0m
[4.239s] [ 41%] [32mBuilding CXX object CMakeFiles/vehicle_gps_position_listener.dir/src/examples/listeners/vehicle_gps_position_listener.cpp.o[0m
[4.239s] [ 50%] [32mBuilding CXX object CMakeFiles/offboard_control_srv.dir/src/examples/offboard/offboard_control_srv.cpp.o[0m
[4.243s] [ 50%] Built target ament_cmake_python_symlink_px4_ros_com
[4.580s] running egg_info
[4.582s] creating px4_ros_com.egg-info
[4.582s] writing px4_ros_com.egg-info/PKG-INFO
[4.582s] writing dependency_links to px4_ros_com.egg-info/dependency_links.txt
[4.583s] writing top-level names to px4_ros_com.egg-info/top_level.txt
[4.583s] writing manifest file 'px4_ros_com.egg-info/SOURCES.txt'
[4.592s] reading manifest file 'px4_ros_com.egg-info/SOURCES.txt'
[4.592s] writing manifest file 'px4_ros_com.egg-info/SOURCES.txt'
[4.658s] [ 50%] Built target ament_cmake_python_build_px4_ros_com_egg
[12.983s] [ 58%] [32m[1mLinking CXX executable debug_vect_advertiser[0m
[13.600s] [ 58%] Built target debug_vect_advertiser
[14.873s] [ 66%] [32m[1mLinking CXX executable offboard_control[0m
[15.614s] [ 66%] Built target offboard_control
[16.140s] [ 75%] [32m[1mLinking CXX executable offboard_control_srv[0m
[16.694s] [ 75%] Built target offboard_control_srv
[19.455s] [ 83%] [32m[1mLinking CXX shared library libframe_transforms.so[0m
[20.077s] [ 83%] Built target frame_transforms
[20.147s] [ 91%] [32m[1mLinking CXX executable sensor_combined_listener[0m
[20.596s] [ 91%] Built target sensor_combined_listener
[20.680s] [100%] [32m[1mLinking CXX executable vehicle_gps_position_listener[0m
[21.085s] [100%] Built target vehicle_gps_position_listener
[21.094s] Invoked command in '/home/deva/ros2_vio_px4_ws/build/px4_ros_com' returned '0': AMENT_PREFIX_PATH=/home/deva/ros2_vio_px4_ws/install/px4_msgs:${AMENT_PREFIX_PATH} CMAKE_PREFIX_PATH=/home/deva/ros2_vio_px4_ws/install/px4_msgs:/home/deva/ros2_vio_px4_ws/install/vins_px4_bridge:/opt/ros/humble LD_LIBRARY_PATH=/home/deva/ros2_vio_px4_ws/install/px4_msgs/lib:${LD_LIBRARY_PATH} PYTHONPATH=/home/deva/ros2_vio_px4_ws/install/px4_msgs/local/lib/python3.10/dist-packages:${PYTHONPATH} /usr/bin/cmake --build /home/deva/ros2_vio_px4_ws/build/px4_ros_com -- -j8 -l8
[21.097s] Invoking command in '/home/deva/ros2_vio_px4_ws/build/px4_ros_com': AMENT_PREFIX_PATH=/home/deva/ros2_vio_px4_ws/install/px4_msgs:${AMENT_PREFIX_PATH} CMAKE_PREFIX_PATH=/home/deva/ros2_vio_px4_ws/install/px4_msgs:/home/deva/ros2_vio_px4_ws/install/vins_px4_bridge:/opt/ros/humble LD_LIBRARY_PATH=/home/deva/ros2_vio_px4_ws/install/px4_msgs/lib:${LD_LIBRARY_PATH} PYTHONPATH=/home/deva/ros2_vio_px4_ws/install/px4_msgs/local/lib/python3.10/dist-packages:${PYTHONPATH} /usr/bin/cmake --install /home/deva/ros2_vio_px4_ws/build/px4_ros_com
[21.104s] -- Install configuration: ""
[21.104s] -- Execute custom install script
[21.104s] -- Symlinking: /home/deva/ros2_vio_px4_ws/install/px4_ros_com/lib/px4_ros_com/sensor_combined_listener
[21.117s] -- Symlinking: /home/deva/ros2_vio_px4_ws/install/px4_ros_com/lib/px4_ros_com/vehicle_gps_position_listener
[21.129s] -- Symlinking: /home/deva/ros2_vio_px4_ws/install/px4_ros_com/lib/px4_ros_com/debug_vect_advertiser
[21.139s] -- Symlinking: /home/deva/ros2_vio_px4_ws/install/px4_ros_com/lib/px4_ros_com/offboard_control
[21.148s] -- Symlinking: /home/deva/ros2_vio_px4_ws/install/px4_ros_com/lib/px4_ros_com/offboard_control_srv
[21.155s] -- Symlinking: /home/deva/ros2_vio_px4_ws/install/px4_ros_com/share/px4_ros_com/environment/library_path.sh
[21.166s] -- Symlinking: /home/deva/ros2_vio_px4_ws/install/px4_ros_com/share/px4_ros_com/environment/library_path.dsv
[21.172s] -- Symlinking: /home/deva/ros2_vio_px4_ws/install/px4_ros_com/include/px4_ros_com/frame_transforms.h
[21.181s] -- Symlinking: /home/deva/ros2_vio_px4_ws/install/px4_ros_com/share/px4_ros_com//launch/offboard_control_launch.yaml
[21.187s] -- Symlinking: /home/deva/ros2_vio_px4_ws/install/px4_ros_com/share/px4_ros_com//launch/sensor_combined_listener.launch.py
[21.199s] -- Symlinking: /home/deva/ros2_vio_px4_ws/install/px4_ros_com/share/px4_ros_com//test/__init__.py
[21.206s] -- Symlinking: /home/deva/ros2_vio_px4_ws/install/px4_ros_com/share/px4_ros_com//test/pipeline_io_test.py
[21.217s] -- Symlinking: /home/deva/ros2_vio_px4_ws/install/px4_ros_com/share/px4_ros_com//test/test_input.py
[21.224s] -- Symlinking: /home/deva/ros2_vio_px4_ws/install/px4_ros_com/share/px4_ros_com//test/test_output.py
[21.234s] -- Symlinking: /home/deva/ros2_vio_px4_ws/install/px4_ros_com/share/px4_ros_com/environment/pythonpath.sh
[21.241s] -- Symlinking: /home/deva/ros2_vio_px4_ws/install/px4_ros_com/share/px4_ros_com/environment/pythonpath.dsv
[21.251s] -- Symlinking: /home/deva/ros2_vio_px4_ws/install/px4_ros_com/local/lib/python3.10/dist-packages/px4_ros_com-0.1.0-py3.10.egg-info/PKG-INFO
[21.260s] -- Symlinking: /home/deva/ros2_vio_px4_ws/install/px4_ros_com/local/lib/python3.10/dist-packages/px4_ros_com-0.1.0-py3.10.egg-info/SOURCES.txt
[21.267s] -- Symlinking: /home/deva/ros2_vio_px4_ws/install/px4_ros_com/local/lib/python3.10/dist-packages/px4_ros_com-0.1.0-py3.10.egg-info/dependency_links.txt
[21.276s] -- Symlinking: /home/deva/ros2_vio_px4_ws/install/px4_ros_com/local/lib/python3.10/dist-packages/px4_ros_com-0.1.0-py3.10.egg-info/top_level.txt
[21.284s] -- Symlinking: /home/deva/ros2_vio_px4_ws/install/px4_ros_com/local/lib/python3.10/dist-packages/px4_ros_com/__init__.py
[21.294s] -- Symlinking: /home/deva/ros2_vio_px4_ws/install/px4_ros_com/local/lib/python3.10/dist-packages/px4_ros_com/module_to_import.py
[21.300s] -- Symlinking: /home/deva/ros2_vio_px4_ws/install/px4_ros_com/lib/px4_ros_com/offboard_control.py
[21.310s] -- Symlinking: /home/deva/ros2_vio_px4_ws/install/px4_ros_com/share/ament_index/resource_index/package_run_dependencies/px4_ros_com
[21.317s] -- Symlinking: /home/deva/ros2_vio_px4_ws/install/px4_ros_com/share/ament_index/resource_index/parent_prefix_path/px4_ros_com
[21.326s] -- Symlinking: /home/deva/ros2_vio_px4_ws/install/px4_ros_com/share/px4_ros_com/environment/ament_prefix_path.sh
[21.333s] -- Symlinking: /home/deva/ros2_vio_px4_ws/install/px4_ros_com/share/px4_ros_com/environment/ament_prefix_path.dsv
[21.341s] -- Symlinking: /home/deva/ros2_vio_px4_ws/install/px4_ros_com/share/px4_ros_com/environment/path.sh
[21.349s] -- Symlinking: /home/deva/ros2_vio_px4_ws/install/px4_ros_com/share/px4_ros_com/environment/path.dsv
[21.357s] -- Symlinking: /home/deva/ros2_vio_px4_ws/install/px4_ros_com/share/px4_ros_com/local_setup.bash
[21.364s] -- Symlinking: /home/deva/ros2_vio_px4_ws/install/px4_ros_com/share/px4_ros_com/local_setup.sh
[21.375s] -- Symlinking: /home/deva/ros2_vio_px4_ws/install/px4_ros_com/share/px4_ros_com/local_setup.zsh
[21.382s] -- Symlinking: /home/deva/ros2_vio_px4_ws/install/px4_ros_com/share/px4_ros_com/local_setup.dsv
[21.391s] -- Symlinking: /home/deva/ros2_vio_px4_ws/install/px4_ros_com/share/px4_ros_com/package.dsv
[21.399s] -- Symlinking: /home/deva/ros2_vio_px4_ws/install/px4_ros_com/share/ament_index/resource_index/packages/px4_ros_com
[21.409s] -- Symlinking: /home/deva/ros2_vio_px4_ws/install/px4_ros_com/share/px4_ros_com/cmake/ament_cmake_export_dependencies-extras.cmake
[21.418s] -- Symlinking: /home/deva/ros2_vio_px4_ws/install/px4_ros_com/share/px4_ros_com/cmake/ament_cmake_export_targets-extras.cmake
[21.425s] -- Symlinking: /home/deva/ros2_vio_px4_ws/install/px4_ros_com/share/px4_ros_com/cmake/ament_cmake_export_include_directories-extras.cmake
[21.433s] -- Symlinking: /home/deva/ros2_vio_px4_ws/install/px4_ros_com/share/px4_ros_com/cmake/ament_cmake_export_libraries-extras.cmake
[21.441s] -- Symlinking: /home/deva/ros2_vio_px4_ws/install/px4_ros_com/share/px4_ros_com/cmake/px4_ros_comConfig.cmake
[21.448s] -- Symlinking: /home/deva/ros2_vio_px4_ws/install/px4_ros_com/share/px4_ros_com/cmake/px4_ros_comConfig-version.cmake
[21.458s] -- Symlinking: /home/deva/ros2_vio_px4_ws/install/px4_ros_com/share/px4_ros_com/package.xml
[21.465s] -- Installing: /home/deva/ros2_vio_px4_ws/install/px4_ros_com/lib/libframe_transforms.so
[21.470s] -- Set runtime path of "/home/deva/ros2_vio_px4_ws/install/px4_ros_com/lib/libframe_transforms.so" to ""
[21.500s] Listing '/home/deva/ros2_vio_px4_ws/install/px4_ros_com/local/lib/python3.10/dist-packages/px4_ros_com'...
[21.500s] Compiling '/home/deva/ros2_vio_px4_ws/install/px4_ros_com/local/lib/python3.10/dist-packages/px4_ros_com/__init__.py'...
[21.501s] Compiling '/home/deva/ros2_vio_px4_ws/install/px4_ros_com/local/lib/python3.10/dist-packages/px4_ros_com/module_to_import.py'...
[21.506s] -- Installing: /home/deva/ros2_vio_px4_ws/install/px4_ros_com/share/px4_ros_com/cmake/export_frame_transformsExport.cmake
[21.506s] -- Installing: /home/deva/ros2_vio_px4_ws/install/px4_ros_com/share/px4_ros_com/cmake/export_frame_transformsExport-noconfig.cmake
[21.508s] Invoked command in '/home/deva/ros2_vio_px4_ws/build/px4_ros_com' returned '0': AMENT_PREFIX_PATH=/home/deva/ros2_vio_px4_ws/install/px4_msgs:${AMENT_PREFIX_PATH} CMAKE_PREFIX_PATH=/home/deva/ros2_vio_px4_ws/install/px4_msgs:/home/deva/ros2_vio_px4_ws/install/vins_px4_bridge:/opt/ros/humble LD_LIBRARY_PATH=/home/deva/ros2_vio_px4_ws/install/px4_msgs/lib:${LD_LIBRARY_PATH} PYTHONPATH=/home/deva/ros2_vio_px4_ws/install/px4_msgs/local/lib/python3.10/dist-packages:${PYTHONPATH} /usr/bin/cmake --install /home/deva/ros2_vio_px4_ws/build/px4_ros_com
