-- The C compiler identification is GNU 11.4.0
-- The CXX compiler identification is GNU 11.4.0
-- Detecting C compiler ABI info
-- Detecting C compiler ABI info - done
-- Check for working C compiler: /usr/bin/cc - skipped
-- Detecting C compile features
-- Detecting C compile features - done
-- Detecting CXX compiler ABI info
-- Detecting CXX compiler ABI info - done
-- Check for working CXX compiler: /usr/bin/c++ - skipped
-- Detecting CXX compile features
-- Detecting CXX compile features - done
-- Found ament_cmake: 1.3.12 (/opt/ros/humble/share/ament_cmake/cmake)
-- Found Python3: /usr/bin/python3 (found version "3.10.12") found components: Interpreter 
-- Override CMake install command with custom implementation using symlinks instead of copying resources
-- Found rclcpp: 16.0.14 (/opt/ros/humble/share/rclcpp/cmake)
-- Found rosidl_generator_c: 3.1.7 (/opt/ros/humble/share/rosidl_generator_c/cmake)
-- Found rosidl_adapter: 3.1.7 (/opt/ros/humble/share/rosidl_adapter/cmake)
-- Found rosidl_generator_cpp: 3.1.7 (/opt/ros/humble/share/rosidl_generator_cpp/cmake)
-- Using all available rosidl_typesupport_c: rosidl_typesupport_fastrtps_c;rosidl_typesupport_introspection_c
-- Using all available rosidl_typesupport_cpp: rosidl_typesupport_fastrtps_cpp;rosidl_typesupport_introspection_cpp
-- Found rmw_implementation_cmake: 6.1.2 (/opt/ros/humble/share/rmw_implementation_cmake/cmake)
-- Found rmw_cyclonedds_cpp: 1.3.4 (/opt/ros/humble/share/rmw_cyclonedds_cpp/cmake)
-- Using RMW implementation 'rmw_cyclonedds_cpp' as default
-- Looking for pthread.h
-- Looking for pthread.h - found
-- Performing Test CMAKE_HAVE_LIBC_PTHREAD
-- Performing Test CMAKE_HAVE_LIBC_PTHREAD - Success
-- Found Threads: TRUE  
-- Found image_transport: 3.1.12 (/opt/ros/humble/share/image_transport/cmake)
-- Found cv_bridge: 3.2.1 (/opt/ros/humble/share/cv_bridge/cmake)
-- Found camera_model: 0.0.0 (/home/deva/ros2_vio_px4_ws/install/camera_model/share/camera_model/cmake)
-- Found OpenCV: /usr (found suitable version "4.5.4", minimum required is "4") 
-- Found visualization_msgs: 4.9.0 (/opt/ros/humble/share/visualization_msgs/cmake)
-- Found nav_msgs: 4.9.0 (/opt/ros/humble/share/nav_msgs/cmake)
-- Configuring done
-- Generating done
-- Build files have been written to: /home/deva/ros2_vio_px4_ws/build/ar_demo
[ 50%] [32mBuilding CXX object CMakeFiles/ar_demo_node.dir/src/ar_demo_node.cpp.o[0m
In file included from [01m[K/home/deva/ros2_vio_px4_ws/src/VINS-MONO-ROS2/ar_demo/src/ar_demo_node.cpp:11[m[K:
[01m[K/opt/ros/humble/include/image_transport/image_transport/image_transport.h:32:89:[m[K [01;36m[Knote: [m[K‘[01m[K#pragma message: Warning: This header is deprecated. Use 'image_transport.hpp' instead[m[K’
   32 | #pragma message ("Warning: This header is deprecated. Use 'image_transport.hpp' instead"[01;36m[K)[m[K
      |                                                                                         [01;36m[K^[m[K
[01m[K/home/deva/ros2_vio_px4_ws/src/VINS-MONO-ROS2/ar_demo/src/ar_demo_node.cpp:351:113:[m[K [01;35m[Kwarning: [m[K‘[01m[Knav_msgs::msg::Odometry_<std::allocator<void> >::ConstPtr[m[K’ is deprecated [[01;35m[K]8;;https://gcc.gnu.org/onlinedocs/gcc/Warning-Options.html#index-Wdeprecated-declarations-Wdeprecated-declarations]8;;[m[K]
  351 | ensor_msgs::msg::Image::SharedPtr img_msg, const nav_msgs::msg::Odometry::ConstPtr pose_msg[01;35m[K)[m[K
      |                                                                                            [01;35m[K^[m[K

In file included from [01m[K/opt/ros/humble/include/nav_msgs/nav_msgs/msg/odometry.hpp:7[m[K,
                 from [01m[K/home/deva/ros2_vio_px4_ws/src/VINS-MONO-ROS2/ar_demo/src/ar_demo_node.cpp:5[m[K:
[01m[K/opt/ros/humble/include/nav_msgs/nav_msgs/msg/detail/odometry__struct.hpp:146:5:[m[K [01;36m[Knote: [m[Kdeclared here
  146 |     [01;36m[KConstPtr[m[K;
      |     [01;36m[K^~~~~~~~[m[K
[100%] [32m[1mLinking CXX executable ar_demo_node[0m
[100%] Built target ar_demo_node
-- Install configuration: "Release"
-- Execute custom install script
-- Symlinking: /home/deva/ros2_vio_px4_ws/install/ar_demo/lib/ar_demo/ar_demo_node
-- Symlinking: /home/deva/ros2_vio_px4_ws/install/ar_demo/share/ar_demo/launch/3dm_bag.launch.py
-- Symlinking: /home/deva/ros2_vio_px4_ws/install/ar_demo/share/ament_index/resource_index/package_run_dependencies/ar_demo
-- Symlinking: /home/deva/ros2_vio_px4_ws/install/ar_demo/share/ament_index/resource_index/parent_prefix_path/ar_demo
-- Symlinking: /home/deva/ros2_vio_px4_ws/install/ar_demo/share/ar_demo/environment/ament_prefix_path.sh
-- Symlinking: /home/deva/ros2_vio_px4_ws/install/ar_demo/share/ar_demo/environment/ament_prefix_path.dsv
-- Symlinking: /home/deva/ros2_vio_px4_ws/install/ar_demo/share/ar_demo/environment/path.sh
-- Symlinking: /home/deva/ros2_vio_px4_ws/install/ar_demo/share/ar_demo/environment/path.dsv
-- Symlinking: /home/deva/ros2_vio_px4_ws/install/ar_demo/share/ar_demo/local_setup.bash
-- Symlinking: /home/deva/ros2_vio_px4_ws/install/ar_demo/share/ar_demo/local_setup.sh
-- Symlinking: /home/deva/ros2_vio_px4_ws/install/ar_demo/share/ar_demo/local_setup.zsh
-- Symlinking: /home/deva/ros2_vio_px4_ws/install/ar_demo/share/ar_demo/local_setup.dsv
-- Symlinking: /home/deva/ros2_vio_px4_ws/install/ar_demo/share/ar_demo/package.dsv
-- Symlinking: /home/deva/ros2_vio_px4_ws/install/ar_demo/share/ament_index/resource_index/packages/ar_demo
-- Symlinking: /home/deva/ros2_vio_px4_ws/install/ar_demo/share/ar_demo/cmake/ar_demoConfig.cmake
-- Symlinking: /home/deva/ros2_vio_px4_ws/install/ar_demo/share/ar_demo/cmake/ar_demoConfig-version.cmake
-- Symlinking: /home/deva/ros2_vio_px4_ws/install/ar_demo/share/ar_demo/package.xml
