[0.069s] Invoking command in '/home/deva/ros2_vio_px4_ws/build/ar_demo': AMENT_PREFIX_PATH=/home/deva/ros2_vio_px4_ws/install/camera_model:${AMENT_PREFIX_PATH} CMAKE_PREFIX_PATH=/home/deva/ros2_vio_px4_ws/install/camera_model:/home/deva/ros2_vio_px4_ws/install/vins_px4_bridge:/opt/ros/humble LD_LIBRARY_PATH=/home/deva/ros2_vio_px4_ws/install/camera_model/lib:${LD_LIBRARY_PATH} PATH=/home/deva/ros2_vio_px4_ws/install/camera_model/bin:${PATH} /usr/bin/cmake /home/deva/ros2_vio_px4_ws/src/VINS-MONO-ROS2/ar_demo -DAMENT_CMAKE_SYMLINK_INSTALL=1 -DCMAKE_INSTALL_PREFIX=/home/deva/ros2_vio_px4_ws/install/ar_demo
[0.189s] -- The C compiler identification is GNU 11.4.0
[0.315s] -- The CXX compiler identification is GNU 11.4.0
[0.327s] -- Detecting C compiler ABI info
[0.536s] -- Detecting C compiler ABI info - done
[0.559s] -- Check for working C compiler: /usr/bin/cc - skipped
[0.562s] -- Detecting C compile features
[0.563s] -- Detecting C compile features - done
[0.565s] -- Detecting CXX compiler ABI info
[0.729s] -- Detecting CXX compiler ABI info - done
[0.740s] -- Check for working CXX compiler: /usr/bin/c++ - skipped
[0.741s] -- Detecting CXX compile features
[0.741s] -- Detecting CXX compile features - done
[0.743s] -- Found ament_cmake: 1.3.12 (/opt/ros/humble/share/ament_cmake/cmake)
[0.996s] -- Found Python3: /usr/bin/python3 (found version "3.10.12") found components: Interpreter 
[1.103s] -- Override CMake install command with custom implementation using symlinks instead of copying resources
[1.142s] -- Found rclcpp: 16.0.14 (/opt/ros/humble/share/rclcpp/cmake)
[1.191s] -- Found rosidl_generator_c: 3.1.7 (/opt/ros/humble/share/rosidl_generator_c/cmake)
[1.197s] -- Found rosidl_adapter: 3.1.7 (/opt/ros/humble/share/rosidl_adapter/cmake)
[1.209s] -- Found rosidl_generator_cpp: 3.1.7 (/opt/ros/humble/share/rosidl_generator_cpp/cmake)
[1.223s] -- Using all available rosidl_typesupport_c: rosidl_typesupport_fastrtps_c;rosidl_typesupport_introspection_c
[1.244s] -- Using all available rosidl_typesupport_cpp: rosidl_typesupport_fastrtps_cpp;rosidl_typesupport_introspection_cpp
[1.296s] -- Found rmw_implementation_cmake: 6.1.2 (/opt/ros/humble/share/rmw_implementation_cmake/cmake)
[1.300s] -- Found rmw_cyclonedds_cpp: 1.3.4 (/opt/ros/humble/share/rmw_cyclonedds_cpp/cmake)
[1.330s] -- Using RMW implementation 'rmw_cyclonedds_cpp' as default
[1.341s] -- Looking for pthread.h
[1.455s] -- Looking for pthread.h - found
[1.455s] -- Performing Test CMAKE_HAVE_LIBC_PTHREAD
[1.562s] -- Performing Test CMAKE_HAVE_LIBC_PTHREAD - Success
[1.565s] -- Found Threads: TRUE  
[1.630s] -- Found image_transport: 3.1.12 (/opt/ros/humble/share/image_transport/cmake)
[1.699s] -- Found cv_bridge: 3.2.1 (/opt/ros/humble/share/cv_bridge/cmake)
[1.710s] -- Found camera_model: 0.0.0 (/home/deva/ros2_vio_px4_ws/install/camera_model/share/camera_model/cmake)
[1.715s] -- Found OpenCV: /usr (found suitable version "4.5.4", minimum required is "4") 
[1.716s] -- Found visualization_msgs: 4.9.0 (/opt/ros/humble/share/visualization_msgs/cmake)
[1.737s] -- Found nav_msgs: 4.9.0 (/opt/ros/humble/share/nav_msgs/cmake)
[1.911s] -- Configuring done
[1.929s] -- Generating done
[1.934s] -- Build files have been written to: /home/deva/ros2_vio_px4_ws/build/ar_demo
[1.951s] Invoked command in '/home/deva/ros2_vio_px4_ws/build/ar_demo' returned '0': AMENT_PREFIX_PATH=/home/deva/ros2_vio_px4_ws/install/camera_model:${AMENT_PREFIX_PATH} CMAKE_PREFIX_PATH=/home/deva/ros2_vio_px4_ws/install/camera_model:/home/deva/ros2_vio_px4_ws/install/vins_px4_bridge:/opt/ros/humble LD_LIBRARY_PATH=/home/deva/ros2_vio_px4_ws/install/camera_model/lib:${LD_LIBRARY_PATH} PATH=/home/deva/ros2_vio_px4_ws/install/camera_model/bin:${PATH} /usr/bin/cmake /home/deva/ros2_vio_px4_ws/src/VINS-MONO-ROS2/ar_demo -DAMENT_CMAKE_SYMLINK_INSTALL=1 -DCMAKE_INSTALL_PREFIX=/home/deva/ros2_vio_px4_ws/install/ar_demo
[1.958s] Invoking command in '/home/deva/ros2_vio_px4_ws/build/ar_demo': AMENT_PREFIX_PATH=/home/deva/ros2_vio_px4_ws/install/camera_model:${AMENT_PREFIX_PATH} CMAKE_PREFIX_PATH=/home/deva/ros2_vio_px4_ws/install/camera_model:/home/deva/ros2_vio_px4_ws/install/vins_px4_bridge:/opt/ros/humble LD_LIBRARY_PATH=/home/deva/ros2_vio_px4_ws/install/camera_model/lib:${LD_LIBRARY_PATH} PATH=/home/deva/ros2_vio_px4_ws/install/camera_model/bin:${PATH} /usr/bin/cmake --build /home/deva/ros2_vio_px4_ws/build/ar_demo -- -j8 -l8
[2.027s] [ 50%] [32mBuilding CXX object CMakeFiles/ar_demo_node.dir/src/ar_demo_node.cpp.o[0m
[13.235s] In file included from [01m[K/home/deva/ros2_vio_px4_ws/src/VINS-MONO-ROS2/ar_demo/src/ar_demo_node.cpp:11[m[K:
[13.235s] [01m[K/opt/ros/humble/include/image_transport/image_transport/image_transport.h:32:89:[m[K [01;36m[Knote: [m[K‘[01m[K#pragma message: Warning: This header is deprecated. Use 'image_transport.hpp' instead[m[K’
[13.235s]    32 | #pragma message ("Warning: This header is deprecated. Use 'image_transport.hpp' instead"[01;36m[K)[m[K
[13.235s]       |                                                                                         [01;36m[K^[m[K
[16.566s] [01m[K/home/deva/ros2_vio_px4_ws/src/VINS-MONO-ROS2/ar_demo/src/ar_demo_node.cpp:351:113:[m[K [01;35m[Kwarning: [m[K‘[01m[Knav_msgs::msg::Odometry_<std::allocator<void> >::ConstPtr[m[K’ is deprecated [[01;35m[K]8;;https://gcc.gnu.org/onlinedocs/gcc/Warning-Options.html#index-Wdeprecated-declarations-Wdeprecated-declarations]8;;[m[K]
[16.567s]   351 | ensor_msgs::msg::Image::SharedPtr img_msg, const nav_msgs::msg::Odometry::ConstPtr pose_msg[01;35m[K)[m[K
[16.567s]       |                                                                                            [01;35m[K^[m[K
[16.567s] 
[16.567s] In file included from [01m[K/opt/ros/humble/include/nav_msgs/nav_msgs/msg/odometry.hpp:7[m[K,
[16.567s]                  from [01m[K/home/deva/ros2_vio_px4_ws/src/VINS-MONO-ROS2/ar_demo/src/ar_demo_node.cpp:5[m[K:
[16.567s] [01m[K/opt/ros/humble/include/nav_msgs/nav_msgs/msg/detail/odometry__struct.hpp:146:5:[m[K [01;36m[Knote: [m[Kdeclared here
[16.567s]   146 |     [01;36m[KConstPtr[m[K;
[16.567s]       |     [01;36m[K^~~~~~~~[m[K
[49.147s] [100%] [32m[1mLinking CXX executable ar_demo_node[0m
[51.088s] [100%] Built target ar_demo_node
[51.104s] Invoked command in '/home/deva/ros2_vio_px4_ws/build/ar_demo' returned '0': AMENT_PREFIX_PATH=/home/deva/ros2_vio_px4_ws/install/camera_model:${AMENT_PREFIX_PATH} CMAKE_PREFIX_PATH=/home/deva/ros2_vio_px4_ws/install/camera_model:/home/deva/ros2_vio_px4_ws/install/vins_px4_bridge:/opt/ros/humble LD_LIBRARY_PATH=/home/deva/ros2_vio_px4_ws/install/camera_model/lib:${LD_LIBRARY_PATH} PATH=/home/deva/ros2_vio_px4_ws/install/camera_model/bin:${PATH} /usr/bin/cmake --build /home/deva/ros2_vio_px4_ws/build/ar_demo -- -j8 -l8
[51.107s] Invoking command in '/home/deva/ros2_vio_px4_ws/build/ar_demo': AMENT_PREFIX_PATH=/home/deva/ros2_vio_px4_ws/install/camera_model:${AMENT_PREFIX_PATH} CMAKE_PREFIX_PATH=/home/deva/ros2_vio_px4_ws/install/camera_model:/home/deva/ros2_vio_px4_ws/install/vins_px4_bridge:/opt/ros/humble LD_LIBRARY_PATH=/home/deva/ros2_vio_px4_ws/install/camera_model/lib:${LD_LIBRARY_PATH} PATH=/home/deva/ros2_vio_px4_ws/install/camera_model/bin:${PATH} /usr/bin/cmake --install /home/deva/ros2_vio_px4_ws/build/ar_demo
[51.114s] -- Install configuration: "Release"
[51.114s] -- Execute custom install script
[51.114s] -- Symlinking: /home/deva/ros2_vio_px4_ws/install/ar_demo/lib/ar_demo/ar_demo_node
[51.124s] -- Symlinking: /home/deva/ros2_vio_px4_ws/install/ar_demo/share/ar_demo/launch/3dm_bag.launch.py
[51.133s] -- Symlinking: /home/deva/ros2_vio_px4_ws/install/ar_demo/share/ament_index/resource_index/package_run_dependencies/ar_demo
[51.143s] -- Symlinking: /home/deva/ros2_vio_px4_ws/install/ar_demo/share/ament_index/resource_index/parent_prefix_path/ar_demo
[51.150s] -- Symlinking: /home/deva/ros2_vio_px4_ws/install/ar_demo/share/ar_demo/environment/ament_prefix_path.sh
[51.160s] -- Symlinking: /home/deva/ros2_vio_px4_ws/install/ar_demo/share/ar_demo/environment/ament_prefix_path.dsv
[51.167s] -- Symlinking: /home/deva/ros2_vio_px4_ws/install/ar_demo/share/ar_demo/environment/path.sh
[51.176s] -- Symlinking: /home/deva/ros2_vio_px4_ws/install/ar_demo/share/ar_demo/environment/path.dsv
[51.183s] -- Symlinking: /home/deva/ros2_vio_px4_ws/install/ar_demo/share/ar_demo/local_setup.bash
[51.193s] -- Symlinking: /home/deva/ros2_vio_px4_ws/install/ar_demo/share/ar_demo/local_setup.sh
[51.202s] -- Symlinking: /home/deva/ros2_vio_px4_ws/install/ar_demo/share/ar_demo/local_setup.zsh
[51.210s] -- Symlinking: /home/deva/ros2_vio_px4_ws/install/ar_demo/share/ar_demo/local_setup.dsv
[51.218s] -- Symlinking: /home/deva/ros2_vio_px4_ws/install/ar_demo/share/ar_demo/package.dsv
[51.226s] -- Symlinking: /home/deva/ros2_vio_px4_ws/install/ar_demo/share/ament_index/resource_index/packages/ar_demo
[51.235s] -- Symlinking: /home/deva/ros2_vio_px4_ws/install/ar_demo/share/ar_demo/cmake/ar_demoConfig.cmake
[51.243s] -- Symlinking: /home/deva/ros2_vio_px4_ws/install/ar_demo/share/ar_demo/cmake/ar_demoConfig-version.cmake
[51.252s] -- Symlinking: /home/deva/ros2_vio_px4_ws/install/ar_demo/share/ar_demo/package.xml
[51.263s] Invoked command in '/home/deva/ros2_vio_px4_ws/build/ar_demo' returned '0': AMENT_PREFIX_PATH=/home/deva/ros2_vio_px4_ws/install/camera_model:${AMENT_PREFIX_PATH} CMAKE_PREFIX_PATH=/home/deva/ros2_vio_px4_ws/install/camera_model:/home/deva/ros2_vio_px4_ws/install/vins_px4_bridge:/opt/ros/humble LD_LIBRARY_PATH=/home/deva/ros2_vio_px4_ws/install/camera_model/lib:${LD_LIBRARY_PATH} PATH=/home/deva/ros2_vio_px4_ws/install/camera_model/bin:${PATH} /usr/bin/cmake --install /home/deva/ros2_vio_px4_ws/build/ar_demo
